[I 2023-06-20 06:17:42.863 ServerApp] Package jupyterlab took 0.0000s to import
[I 2023-06-20 06:17:42.877 ServerApp] Package jupyter_lsp took 0.0130s to import
[W 2023-06-20 06:17:42.877 ServerApp] A `_jupyter_server_extension_points` function was not found in jupyter_lsp. Instead, a `_jupyter_server_extension_paths` function was found and will be used for now. This function name will be deprecated in future releases of Jupyter Server.
[I 2023-06-20 06:17:42.883 ServerApp] Package jupyter_server_terminals took 0.0051s to import
[I 2023-06-20 06:17:42.883 ServerApp] Package notebook_shim took 0.0000s to import
[W 2023-06-20 06:17:42.883 ServerApp] A `_jupyter_server_extension_points` function was not found in notebook_shim. Instead, a `_jupyter_server_extension_paths` function was found and will be used for now. This function name will be deprecated in future releases of Jupyter Server.
[I 2023-06-20 06:17:42.884 ServerApp] jupyter_lsp | extension was successfully linked.
[I 2023-06-20 06:17:42.889 ServerApp] jupyter_server_terminals | extension was successfully linked.
[I 2023-06-20 06:17:42.895 ServerApp] jupyterlab | extension was successfully linked.
[I 2023-06-20 06:17:42.896 ServerApp] Writing Jupyter server cookie secret to /root/.local/share/jupyter/runtime/jupyter_cookie_secret
[I 2023-06-20 06:17:43.219 ServerApp] notebook_shim | extension was successfully linked.
[I 2023-06-20 06:17:43.257 ServerApp] notebook_shim | extension was successfully loaded.
[I 2023-06-20 06:17:43.260 ServerApp] jupyter_lsp | extension was successfully loaded.
[I 2023-06-20 06:17:43.261 ServerApp] jupyter_server_terminals | extension was successfully loaded.
[I 2023-06-20 06:17:43.262 LabApp] JupyterLab extension loaded from /usr/local/lib/python3.8/dist-packages/jupyterlab
[I 2023-06-20 06:17:43.262 LabApp] JupyterLab application directory is /usr/local/share/jupyter/lab
[I 2023-06-20 06:17:43.263 LabApp] Extension Manager is 'pypi'.
[I 2023-06-20 06:17:43.266 ServerApp] jupyterlab | extension was successfully loaded.
[I 2023-06-20 06:17:43.267 ServerApp] Serving notebooks from local directory: /home/ubuntu/studentproject/student-end-to-end
[I 2023-06-20 06:17:43.267 ServerApp] Jupyter Server 2.6.0 is running at:
[I 2023-06-20 06:17:43.267 ServerApp] http://ip-172-31-22-156:8888/lab?token=59a6249386888c1d196984f5deb93e0016f086411feb7220
[I 2023-06-20 06:17:43.267 ServerApp]     http://127.0.0.1:8888/lab?token=59a6249386888c1d196984f5deb93e0016f086411feb7220
[I 2023-06-20 06:17:43.267 ServerApp] Use Control-C to stop this server and shut down all kernels (twice to skip confirmation).
[C 2023-06-20 06:17:43.270 ServerApp] 
    
    To access the server, open this file in a browser:
        file:///root/.local/share/jupyter/runtime/jpserver-46631-open.html
    Or copy and paste one of these URLs:
        http://ip-172-31-22-156:8888/lab?token=59a6249386888c1d196984f5deb93e0016f086411feb7220
        http://127.0.0.1:8888/lab?token=59a6249386888c1d196984f5deb93e0016f086411feb7220
[I 2023-06-20 06:17:43.301 ServerApp] Skipped non-installed server(s): bash-language-server, dockerfile-language-server-nodejs, javascript-typescript-langserver, jedi-language-server, julia-language-server, pyright, python-language-server, python-lsp-server, r-languageserver, sql-language-server, texlab, typescript-language-server, unified-language-server, vscode-css-languageserver-bin, vscode-html-languageserver-bin, vscode-json-languageserver-bin, yaml-language-server
[I 2023-06-20 06:18:17.714 ServerApp] 302 GET / (@203.192.225.51) 1.13ms
[I 2023-06-20 06:18:17.945 LabApp] 302 GET /lab? (@203.192.225.51) 0.83ms
[I 2023-06-20 06:18:19.612 ServerApp] 302 GET / (@42.106.160.201) 0.57ms
[I 2023-06-20 06:18:19.775 LabApp] 302 GET /lab? (@49.44.87.6) 0.73ms
[I 2023-06-20 06:18:20.905 LabApp] 302 GET /lab? (@42.106.160.201) 0.73ms
[W 2023-06-20 06:20:02.896 ServerApp] 401 POST /login?next=%2Flab%3F (@203.192.225.51) 1.73ms referer=http://34.202.161.6:8888/login?next=%2Flab%3F
[W 2023-06-20 06:20:19.515 ServerApp] 401 POST /login?next=%2Flab%3F (@203.192.225.51) 1.45ms referer=http://34.202.161.6:8888/login?next=%2Flab%3F
[W 2023-06-20 06:20:30.929 ServerApp] 401 POST /login?next=%2Flab%3F (@203.192.225.51) 1.43ms referer=http://34.202.161.6:8888/login?next=%2Flab%3F
[I 2023-06-20 06:20:44.198 ServerApp] Package jupyterlab took 0.0000s to import
[I 2023-06-20 06:20:44.212 ServerApp] Package jupyter_lsp took 0.0126s to import
[W 2023-06-20 06:20:44.212 ServerApp] A `_jupyter_server_extension_points` function was not found in jupyter_lsp. Instead, a `_jupyter_server_extension_paths` function was found and will be used for now. This function name will be deprecated in future releases of Jupyter Server.
[I 2023-06-20 06:20:44.217 ServerApp] Package jupyter_server_terminals took 0.0051s to import
[I 2023-06-20 06:20:44.218 ServerApp] Package notebook_shim took 0.0000s to import
[W 2023-06-20 06:20:44.218 ServerApp] A `_jupyter_server_extension_points` function was not found in notebook_shim. Instead, a `_jupyter_server_extension_paths` function was found and will be used for now. This function name will be deprecated in future releases of Jupyter Server.
[I 2023-06-20 06:20:44.219 ServerApp] jupyter_lsp | extension was successfully linked.
[I 2023-06-20 06:20:44.224 ServerApp] jupyter_server_terminals | extension was successfully linked.
[I 2023-06-20 06:20:44.230 ServerApp] jupyterlab | extension was successfully linked.
[I 2023-06-20 06:20:44.455 ServerApp] notebook_shim | extension was successfully linked.
[I 2023-06-20 06:20:44.481 ServerApp] notebook_shim | extension was successfully loaded.
[I 2023-06-20 06:20:44.483 ServerApp] jupyter_lsp | extension was successfully loaded.
[I 2023-06-20 06:20:44.484 ServerApp] jupyter_server_terminals | extension was successfully loaded.
[I 2023-06-20 06:20:44.486 LabApp] JupyterLab extension loaded from /usr/local/lib/python3.8/dist-packages/jupyterlab
[I 2023-06-20 06:20:44.486 LabApp] JupyterLab application directory is /usr/local/share/jupyter/lab
[I 2023-06-20 06:20:44.486 LabApp] Extension Manager is 'pypi'.
[I 2023-06-20 06:20:44.490 ServerApp] jupyterlab | extension was successfully loaded.
[I 2023-06-20 06:20:44.490 ServerApp] The port 8888 is already in use, trying another port.
[I 2023-06-20 06:20:44.491 ServerApp] Serving notebooks from local directory: /home/ubuntu/studentproject/student-end-to-end
[I 2023-06-20 06:20:44.491 ServerApp] Jupyter Server 2.6.0 is running at:
[I 2023-06-20 06:20:44.491 ServerApp] http://ip-172-31-22-156:8889/lab
[I 2023-06-20 06:20:44.491 ServerApp]     http://127.0.0.1:8889/lab
[I 2023-06-20 06:20:44.491 ServerApp] Use Control-C to stop this server and shut down all kernels (twice to skip confirmation).
[I 2023-06-20 06:20:44.526 ServerApp] Skipped non-installed server(s): bash-language-server, dockerfile-language-server-nodejs, javascript-typescript-langserver, jedi-language-server, julia-language-server, pyright, python-language-server, python-lsp-server, r-languageserver, sql-language-server, texlab, typescript-language-server, unified-language-server, vscode-css-languageserver-bin, vscode-html-languageserver-bin, vscode-json-languageserver-bin, yaml-language-server
[I 2023-06-20 06:21:00.699 ServerApp] 302 GET / (@203.192.225.51) 0.49ms
[I 2023-06-20 06:21:00.927 LabApp] 302 GET /lab? (@203.192.225.51) 0.70ms
[W 2023-06-20 06:21:10.893 ServerApp] 401 POST /login?next=%2Flab%3F (@203.192.225.51) 1.73ms referer=http://34.202.161.6:8888/login?next=%2Flab%3F
[I 2023-06-20 06:21:44.151 ServerApp] 302 GET / (@203.192.225.51) 0.47ms
[I 2023-06-20 06:21:44.383 LabApp] 302 GET /lab? (@203.192.225.51) 0.72ms
[W 2023-06-20 06:21:52.413 ServerApp] 401 POST /login?next=%2Flab%3F (@203.192.225.51) 3.00ms referer=http://34.202.161.6:8888/login?next=%2Flab%3F
[I 2023-06-20 06:23:53.011 ServerApp] User be81cd6c87d044bb80639ff8456a1c4b logged in.
[I 2023-06-20 06:23:53.016 ServerApp] 302 POST /login?next=%2Flab%3F (be81cd6c87d044bb80639ff8456a1c4b@203.192.225.51) 10.98ms
[W 2023-06-20 06:24:03.793 LabApp] Could not determine jupyterlab build status without nodejs
[I 2023-06-20 06:24:13.191 ServerApp] Creating new notebook in 
[I 2023-06-20 06:24:13.252 ServerApp] Writing notebook-signing key to /root/.local/share/jupyter/notebook_secret
[I 2023-06-20 06:24:15.144 ServerApp] Kernel started: ad309075-29ff-466c-accc-3dae098603dd
[I 2023-06-20 06:24:16.035 ServerApp] Connecting to kernel ad309075-29ff-466c-accc-3dae098603dd.
[I 2023-06-20 06:24:16.489 ServerApp] Connecting to kernel ad309075-29ff-466c-accc-3dae098603dd.
[I 2023-06-20 06:24:16.919 ServerApp] Connecting to kernel ad309075-29ff-466c-accc-3dae098603dd.
[I 2023-06-20 06:25:44.749 ServerApp] Starting buffering for ad309075-29ff-466c-accc-3dae098603dd:e234ddb7-3bb6-44fd-9996-3505899e8489
[W 2023-06-20 06:25:50.902 LabApp] Could not determine jupyterlab build status without nodejs
[I 2023-06-20 06:25:51.459 ServerApp] Connecting to kernel ad309075-29ff-466c-accc-3dae098603dd.
[I 2023-06-20 06:25:52.831 ServerApp] Starting buffering for ad309075-29ff-466c-accc-3dae098603dd:3f2fb0ef-aaea-4fde-8f82-01b904c6a72b
[I 2023-06-20 06:25:55.331 ServerApp] Connecting to kernel ad309075-29ff-466c-accc-3dae098603dd.
[W 2023-06-20 06:26:33.352 ServerApp] 400 GET /api/contents/notebook/data/edastudent.ipynb?type=notebook&content=1&1687242393445 (203.192.225.51): Unreadable Notebook: /home/ubuntu/studentproject/student-end-to-end/notebook/data/edastudent.ipynb NotJSONError("Notebook does not appear to be JSON: ''")
[W 2023-06-20 06:26:33.352 ServerApp] wrote error: 'Unreadable Notebook: /home/ubuntu/studentproject/student-end-to-end/notebook/data/edastudent.ipynb NotJSONError("Notebook does not appear to be JSON: \'\'")'
    Traceback (most recent call last):
      File "/usr/local/lib/python3.8/dist-packages/tornado/web.py", line 1786, in _execute
        result = await result
      File "/usr/local/lib/python3.8/dist-packages/jupyter_server/services/contents/handlers.py", line 121, in get
        model = await ensure_async(
      File "/usr/local/lib/python3.8/dist-packages/jupyter_core/utils/__init__.py", line 182, in ensure_async
        result = await obj
      File "/usr/local/lib/python3.8/dist-packages/jupyter_server/services/contents/filemanager.py", line 889, in get
        model = await self._notebook_model(path, content=content)
      File "/usr/local/lib/python3.8/dist-packages/jupyter_server/services/contents/filemanager.py", line 842, in _notebook_model
        nb = await self._read_notebook(
      File "/usr/local/lib/python3.8/dist-packages/jupyter_server/services/contents/fileio.py", line 385, in _read_notebook
        raise HTTPError(
    tornado.web.HTTPError: HTTP 400: Bad Request (Unreadable Notebook: /home/ubuntu/studentproject/student-end-to-end/notebook/data/edastudent.ipynb NotJSONError("Notebook does not appear to be JSON: ''"))
[W 2023-06-20 06:26:33.354 ServerApp] 400 GET /api/contents/notebook/data/edastudent.ipynb?type=notebook&content=1&1687242393445 (be81cd6c87d044bb80639ff8456a1c4b@203.192.225.51) 4.80ms referer=http://34.202.161.6:8888/lab/tree/notebook/data/edastudent.ipynb
[W 2023-06-20 06:26:50.136 ServerApp] 400 GET /api/contents/notebook/data/edastudent.ipynb?type=notebook&content=1&1687242410262 (203.192.225.51): Unreadable Notebook: /home/ubuntu/studentproject/student-end-to-end/notebook/data/edastudent.ipynb NotJSONError("Notebook does not appear to be JSON: ''")
[W 2023-06-20 06:26:50.137 ServerApp] wrote error: 'Unreadable Notebook: /home/ubuntu/studentproject/student-end-to-end/notebook/data/edastudent.ipynb NotJSONError("Notebook does not appear to be JSON: \'\'")'
    Traceback (most recent call last):
      File "/usr/local/lib/python3.8/dist-packages/tornado/web.py", line 1786, in _execute
        result = await result
      File "/usr/local/lib/python3.8/dist-packages/jupyter_server/services/contents/handlers.py", line 121, in get
        model = await ensure_async(
      File "/usr/local/lib/python3.8/dist-packages/jupyter_core/utils/__init__.py", line 182, in ensure_async
        result = await obj
      File "/usr/local/lib/python3.8/dist-packages/jupyter_server/services/contents/filemanager.py", line 889, in get
        model = await self._notebook_model(path, content=content)
      File "/usr/local/lib/python3.8/dist-packages/jupyter_server/services/contents/filemanager.py", line 842, in _notebook_model
        nb = await self._read_notebook(
      File "/usr/local/lib/python3.8/dist-packages/jupyter_server/services/contents/fileio.py", line 385, in _read_notebook
        raise HTTPError(
    tornado.web.HTTPError: HTTP 400: Bad Request (Unreadable Notebook: /home/ubuntu/studentproject/student-end-to-end/notebook/data/edastudent.ipynb NotJSONError("Notebook does not appear to be JSON: ''"))
[W 2023-06-20 06:26:50.137 ServerApp] 400 GET /api/contents/notebook/data/edastudent.ipynb?type=notebook&content=1&1687242410262 (be81cd6c87d044bb80639ff8456a1c4b@203.192.225.51) 3.36ms referer=http://34.202.161.6:8888/lab/tree/notebook/data/edastudent.ipynb
[I 2023-06-20 06:27:54.685 ServerApp] Saving file at /Untitled.ipynb
[W 2023-06-20 06:29:31.868 ServerApp] delete /notebook/data/edastudent.ipynb
[I 2023-06-20 06:29:55.613 ServerApp] Saving file at /Untitled.ipynb
[I 2023-06-20 06:30:27.728 ServerApp] Creating new file in /notebook
[W 2023-06-20 06:31:03.285 ServerApp] delete /notebook/untitled.txt
[I 2023-06-20 06:31:13.329 ServerApp] Creating new notebook in /notebook
[I 2023-06-20 06:31:14.845 ServerApp] Kernel started: 5595b941-692e-4d0b-a9cc-17a1d044d069
[I 2023-06-20 06:31:15.553 ServerApp] Connecting to kernel 5595b941-692e-4d0b-a9cc-17a1d044d069.
[I 2023-06-20 06:31:31.464 ServerApp] Starting buffering for ad309075-29ff-466c-accc-3dae098603dd:8b84c25e-080c-4af0-bb80-42d40dc5e029
[I 2023-06-20 06:33:14.621 ServerApp] Saving file at /notebook/Untitled.ipynb
[I 2023-06-20 06:35:15.163 ServerApp] Saving file at /notebook/Untitled.ipynb
[I 2023-06-20 06:37:16.873 ServerApp] Saving file at /notebook/Untitled.ipynb
[I 2023-06-20 06:39:33.153 ServerApp] Saving file at /notebook/Untitled.ipynb
[I 2023-06-20 06:42:37.908 ServerApp] Saving file at /notebook/Untitled.ipynb
[I 2023-06-20 06:45:03.590 ServerApp] Saving file at /notebook/Untitled.ipynb
[C 2023-06-20 06:45:23.231 ServerApp] received signal 15, stopping
[I 2023-06-20 06:45:23.232 ServerApp] Shutting down 4 extensions
[C 2023-06-20 06:45:23.275 ServerApp] received signal 15, stopping
[I 2023-06-20 06:45:23.276 ServerApp] Shutting down 4 extensions
[I 2023-06-20 06:45:23.276 ServerApp] Shutting down 2 kernels
[I 2023-06-20 06:45:23.277 ServerApp] Kernel shutdown: 5595b941-692e-4d0b-a9cc-17a1d044d069
[I 2023-06-20 06:45:23.277 ServerApp] Kernel shutdown: ad309075-29ff-466c-accc-3dae098603dd
[I 2023-06-21 04:54:18.566 ServerApp] Package jupyterlab took 0.0000s to import
[I 2023-06-21 04:54:18.583 ServerApp] Package jupyter_lsp took 0.0128s to import
[W 2023-06-21 04:54:18.583 ServerApp] A `_jupyter_server_extension_points` function was not found in jupyter_lsp. Instead, a `_jupyter_server_extension_paths` function was found and will be used for now. This function name will be deprecated in future releases of Jupyter Server.
[I 2023-06-21 04:54:18.589 ServerApp] Package jupyter_server_terminals took 0.0052s to import
[I 2023-06-21 04:54:18.589 ServerApp] Package notebook_shim took 0.0000s to import
[W 2023-06-21 04:54:18.589 ServerApp] A `_jupyter_server_extension_points` function was not found in notebook_shim. Instead, a `_jupyter_server_extension_paths` function was found and will be used for now. This function name will be deprecated in future releases of Jupyter Server.
[I 2023-06-21 04:54:18.590 ServerApp] jupyter_lsp | extension was successfully linked.
[I 2023-06-21 04:54:18.594 ServerApp] jupyter_server_terminals | extension was successfully linked.
[I 2023-06-21 04:54:18.602 ServerApp] jupyterlab | extension was successfully linked.
[I 2023-06-21 04:54:18.827 ServerApp] notebook_shim | extension was successfully linked.
[I 2023-06-21 04:54:18.852 ServerApp] notebook_shim | extension was successfully loaded.
[I 2023-06-21 04:54:18.855 ServerApp] jupyter_lsp | extension was successfully loaded.
[I 2023-06-21 04:54:18.856 ServerApp] jupyter_server_terminals | extension was successfully loaded.
[I 2023-06-21 04:54:18.857 LabApp] JupyterLab extension loaded from /usr/local/lib/python3.8/dist-packages/jupyterlab
[I 2023-06-21 04:54:18.857 LabApp] JupyterLab application directory is /usr/local/share/jupyter/lab
[I 2023-06-21 04:54:18.858 LabApp] Extension Manager is 'pypi'.
[I 2023-06-21 04:54:18.861 ServerApp] jupyterlab | extension was successfully loaded.
[I 2023-06-21 04:54:18.861 ServerApp] The port 8888 is already in use, trying another port.
[I 2023-06-21 04:54:18.862 ServerApp] Serving notebooks from local directory: /home/ubuntu/studentproject/student-end-to-end
[I 2023-06-21 04:54:18.862 ServerApp] Jupyter Server 2.6.0 is running at:
[I 2023-06-21 04:54:18.862 ServerApp] http://ip-172-31-22-156:8889/lab
[I 2023-06-21 04:54:18.862 ServerApp]     http://127.0.0.1:8889/lab
[I 2023-06-21 04:54:18.862 ServerApp] Use Control-C to stop this server and shut down all kernels (twice to skip confirmation).
[I 2023-06-21 04:54:18.894 ServerApp] Skipped non-installed server(s): bash-language-server, dockerfile-language-server-nodejs, javascript-typescript-langserver, jedi-language-server, julia-language-server, pyright, python-language-server, python-lsp-server, r-languageserver, sql-language-server, texlab, typescript-language-server, unified-language-server, vscode-css-languageserver-bin, vscode-html-languageserver-bin, vscode-json-languageserver-bin, yaml-language-server
[I 2023-06-21 04:55:56.897 ServerApp] 302 GET / (@203.192.225.51) 0.56ms
[I 2023-06-21 04:55:57.117 LabApp] 302 GET /lab? (@203.192.225.51) 0.83ms
[I 2023-06-21 04:56:03.982 ServerApp] User 02444b83c426415ab5ef90dff5f207cd logged in.
[I 2023-06-21 04:56:03.983 ServerApp] 302 POST /login?next=%2Flab%3F (02444b83c426415ab5ef90dff5f207cd@203.192.225.51) 88.85ms
[W 2023-06-21 04:56:14.701 LabApp] Could not determine jupyterlab build status without nodejs
[I 2023-06-21 04:56:22.693 ServerApp] Kernel started: 754ebfea-3a3f-4a6f-953d-add730cb90fc
[I 2023-06-21 04:56:23.508 ServerApp] Connecting to kernel 754ebfea-3a3f-4a6f-953d-add730cb90fc.
[I 2023-06-21 04:56:23.976 ServerApp] Connecting to kernel 754ebfea-3a3f-4a6f-953d-add730cb90fc.
[I 2023-06-21 04:56:24.438 ServerApp] Connecting to kernel 754ebfea-3a3f-4a6f-953d-add730cb90fc.
[I 2023-06-21 04:56:33.183 ServerApp] Creating new notebook in /notebook
[I 2023-06-21 04:56:34.782 ServerApp] Kernel started: d452ae08-8c99-4a84-b251-1c8ae6b6c935
[I 2023-06-21 04:56:35.446 ServerApp] Connecting to kernel d452ae08-8c99-4a84-b251-1c8ae6b6c935.
[I 2023-06-21 04:58:35.147 ServerApp] Saving file at /notebook/MODEL TRAINING.ipynb
[I 2023-06-21 05:00:36.140 ServerApp] Saving file at /notebook/MODEL TRAINING.ipynb
[I 2023-06-21 05:02:36.829 ServerApp] Saving file at /notebook/MODEL TRAINING.ipynb
[I 2023-06-21 05:04:38.522 ServerApp] Saving file at /notebook/MODEL TRAINING.ipynb
